\BOOKMARK [1][-]{section.1}{Usage}{}% 1
\BOOKMARK [2][-]{subsection.1.1}{Environment}{section.1}% 2
\BOOKMARK [2][-]{subsection.1.2}{File Structure}{section.1}% 3
\BOOKMARK [2][-]{subsection.1.3}{Install}{section.1}% 4
\BOOKMARK [2][-]{subsection.1.4}{Queries}{section.1}% 5
\BOOKMARK [1][-]{section.2}{Database Design}{}% 6
\BOOKMARK [2][-]{subsection.2.1}{E-R Model}{section.2}% 7
\BOOKMARK [2][-]{subsection.2.2}{SQL For Table Creation}{section.2}% 8
\BOOKMARK [2][-]{subsection.2.3}{Data Insertion}{section.2}% 9
\BOOKMARK [2][-]{subsection.2.4}{Index}{section.2}% 10
\BOOKMARK [1][-]{section.3}{Point Mapping}{}% 11
\BOOKMARK [2][-]{subsection.3.1}{Different Ways of Calculating Distances Between Two Given Coordinates}{section.3}% 12
\BOOKMARK [2][-]{subsection.3.2}{Implementation}{section.3}% 13
\BOOKMARK [1][-]{section.4}{Solution to Required Queries}{}% 14
\BOOKMARK [1][-]{section.5}{Interface}{}% 15
\BOOKMARK [2][-]{subsection.5.1}{Django Framework}{section.5}% 16
\BOOKMARK [2][-]{subsection.5.2}{Optimized Input Form}{section.5}% 17
\BOOKMARK [2][-]{subsection.5.3}{Download Function}{section.5}% 18
\BOOKMARK [2][-]{subsection.5.4}{Map Plugin}{section.5}% 19
\BOOKMARK [1][-]{section.6}{Division of Work}{}% 20
